<component name="libraryTable">
  <library name="junit-4.13.21">
    <CLASSES>
      <root url="jar://$USER_HOME$/Desktop/ALL/Lib/junit-4.13.21.jar!/" />
      <root url="jar://$USER_HOME$/Desktop/ALL/Lib/httpcore-4.4.141.jar!/" />
      <root url="jar://$USER_HOME$/Desktop/ALL/Lib/httpclient-4.5.131.jar!/" />
      <root url="jar://$USER_HOME$/Desktop/ALL/Lib/commons-logging-1.21.jar!/" />
    </CLASSES>
    <JAVADOC />
    <SOURCES />
  </library>
</component>